<?xml version="1.0" encoding="UTF-8"?>
<!-- Generated by org.testng.reporters.JUnitReportReporter -->
<testsuite hostname="SubhanPC" failures="0" tests="1" name="Runner.simple_runner" time="4.954" errors="0" timestamp="2024-07-10T23:55:58 IST" skipped="0">
  <testcase classname="Runner.simple_runner" name="runScenario" time="4.954"/>
  <system-out/>
</testsuite> <!-- Runner.simple_runner -->
